# JRE version: Java(TM) SE Runtime Environment (8.0_92-b14) (build 1.8.0_92-b14)
# Java VM: Java HotSpot(TM) 64-Bit Server VM (25.92-b14 mixed mode windows-amd64 compressed oops)
Heap:
 PSYoungGen      total 83456K, used 47560K [0x00000000e1900000, 0x00000000efa80000, 0x0000000100000000)
  eden space 78848K, 54% used [0x00000000e1900000,0x00000000e4330338,0x00000000e6600000)
  from space 4608K, 94% used [0x00000000eeb80000,0x00000000eefc2050,0x00000000ef000000)
  to   space 8704K, 0% used [0x00000000ef200000,0x00000000ef200000,0x00000000efa80000)
 ParOldGen       total 62976K, used 38521K [0x00000000a4a00000, 0x00000000a8780000, 0x00000000e1900000)
  object space 62976K, 61% used [0x00000000a4a00000,0x00000000a6f9e4a0,0x00000000a8780000)
 Metaspace       used 16327K, capacity 16570K, committed 16768K, reserved 1064960K
  class space    used 2011K, capacity 2083K, committed 2176K, reserved 1048576K
GC Heap History (10 events):
Event: 39.127 GC heap before
{Heap before GC invocations=27 (full 0):
 PSYoungGen      total 97792K, used 97518K [0x00000000e1900000, 0x00000000f0d80000, 0x0000000100000000)
  eden space 95232K, 99% used [0x00000000e1900000,0x00000000e75c3910,0x00000000e7600000)
  from space 2560K, 98% used [0x00000000f0b00000,0x00000000f0d78040,0x00000000f0d80000)
  to   space 9728K, 0% used [0x00000000efa80000,0x00000000efa80000,0x00000000f0400000)
 ParOldGen       total 62976K, used 38422K [0x00000000a4a00000, 0x00000000a8780000, 0x00000000e1900000)
  object space 62976K, 61% used [0x00000000a4a00000,0x00000000a6f85940,0x00000000a8780000)
 Metaspace       used 16319K, capacity 16506K, committed 16768K, reserved 1064960K
  class space    used 2011K, capacity 2083K, committed 2176K, reserved 1048576K
Event: 39.129 GC heap after
Heap after GC invocations=27 (full 0):
 PSYoungGen      total 94720K, used 2828K [0x00000000e1900000, 0x00000000f0b80000, 0x0000000100000000)
  eden space 91648K, 0% used [0x00000000e1900000,0x00000000e1900000,0x00000000e7280000)
  from space 3072K, 92% used [0x00000000efa80000,0x00000000efd43050,0x00000000efd80000)
  to   space 9216K, 0% used [0x00000000f0280000,0x00000000f0280000,0x00000000f0b80000)
 ParOldGen       total 62976K, used 38438K [0x00000000a4a00000, 0x00000000a8780000, 0x00000000e1900000)
  object space 62976K, 61% used [0x00000000a4a00000,0x00000000a6f89940,0x00000000a8780000)
 Metaspace       used 16319K, capacity 16506K, committed 16768K, reserved 1064960K
  class space    used 2011K, capacity 2083K, committed 2176K, reserved 1048576K
}
Event: 39.628 GC heap before
{Heap before GC invocations=28 (full 0):
 PSYoungGen      total 94720K, used 93567K [0x00000000e1900000, 0x00000000f0b80000, 0x0000000100000000)
  eden space 91648K, 99% used [0x00000000e1900000,0x00000000e719cc38,0x00000000e7280000)
  from space 3072K, 92% used [0x00000000efa80000,0x00000000efd43050,0x00000000efd80000)
  to   space 9216K, 0% used [0x00000000f0280000,0x00000000f0280000,0x00000000f0b80000)
 ParOldGen       total 62976K, used 38438K [0x00000000a4a00000, 0x00000000a8780000, 0x00000000e1900000)
  object space 62976K, 61% used [0x00000000a4a00000,0x00000000a6f89940,0x00000000a8780000)
 Metaspace       used 16319K, capacity 16506K, committed 16768K, reserved 1064960K
  class space    used 2011K, capacity 2083K, committed 2176K, reserved 1048576K
Event: 39.630 GC heap after
Heap after GC invocations=28 (full 0):
 PSYoungGen      total 91648K, used 3128K [0x00000000e1900000, 0x00000000f0600000, 0x0000000100000000)
  eden space 88064K, 0% used [0x00000000e1900000,0x00000000e1900000,0x00000000e6f00000)
  from space 3584K, 87% used [0x00000000f0280000,0x00000000f058e040,0x00000000f0600000)
  to   space 9216K, 0% used [0x00000000ef400000,0x00000000ef400000,0x00000000efd00000)
 ParOldGen       total 62976K, used 38454K [0x00000000a4a00000, 0x00000000a8780000, 0x00000000e1900000)
  object space 62976K, 61% used [0x00000000a4a00000,0x00000000a6f8d940,0x00000000a8780000)
 Metaspace       used 16319K, capacity 16506K, committed 16768K, reserved 1064960K
  class space    used 2011K, capacity 2083K, committed 2176K, reserved 1048576K
}
Event: 40.063 GC heap before
{Heap before GC invocations=29 (full 0):
 PSYoungGen      total 91648K, used 90572K [0x00000000e1900000, 0x00000000f0600000, 0x0000000100000000)
  eden space 88064K, 99% used [0x00000000e1900000,0x00000000e6e65070,0x00000000e6f00000)
  from space 3584K, 87% used [0x00000000f0280000,0x00000000f058e040,0x00000000f0600000)
  to   space 9216K, 0% used [0x00000000ef400000,0x00000000ef400000,0x00000000efd00000)
 ParOldGen       total 62976K, used 38454K [0x00000000a4a00000, 0x00000000a8780000, 0x00000000e1900000)
  object space 62976K, 61% used [0x00000000a4a00000,0x00000000a6f8d940,0x00000000a8780000)
 Metaspace       used 16321K, capacity 16506K, committed 16768K, reserved 1064960K
  class space    used 2011K, capacity 2083K, committed 2176K, reserved 1048576K
Event: 40.065 GC heap after
Heap after GC invocations=29 (full 0):
 PSYoungGen      total 90624K, used 5228K [0x00000000e1900000, 0x00000000f0300000, 0x0000000100000000)
  eden space 84992K, 0% used [0x00000000e1900000,0x00000000e1900000,0x00000000e6c00000)
  from space 5632K, 92% used [0x00000000ef400000,0x00000000ef91b060,0x00000000ef980000)
  to   space 9216K, 0% used [0x00000000efa00000,0x00000000efa00000,0x00000000f0300000)
 ParOldGen       total 62976K, used 38470K [0x00000000a4a00000, 0x00000000a8780000, 0x00000000e1900000)
  object space 62976K, 61% used [0x00000000a4a00000,0x00000000a6f91940,0x00000000a8780000)
 Metaspace       used 16321K, capacity 16506K, committed 16768K, reserved 1064960K
  class space    used 2011K, capacity 2083K, committed 2176K, reserved 1048576K
}
Event: 40.496 GC heap before
{Heap before GC invocations=30 (full 0):
 PSYoungGen      total 90624K, used 89389K [0x00000000e1900000, 0x00000000f0300000, 0x0000000100000000)
  eden space 84992K, 99% used [0x00000000e1900000,0x00000000e6b30798,0x00000000e6c00000)
  from space 5632K, 92% used [0x00000000ef400000,0x00000000ef91b060,0x00000000ef980000)
  to   space 9216K, 0% used [0x00000000efa00000,0x00000000efa00000,0x00000000f0300000)
 ParOldGen       total 62976K, used 38470K [0x00000000a4a00000, 0x00000000a8780000, 0x00000000e1900000)
  object space 62976K, 61% used [0x00000000a4a00000,0x00000000a6f91940,0x00000000a8780000)
 Metaspace       used 16323K, capacity 16506K, committed 16768K, reserved 1064960K
  class space    used 2011K, capacity 2083K, committed 2176K, reserved 1048576K
Event: 40.498 GC heap after
Heap after GC invocations=30 (full 0):
 PSYoungGen      total 84480K, used 2292K [0x00000000e1900000, 0x00000000efc80000, 0x0000000100000000)
  eden space 81920K, 0% used [0x00000000e1900000,0x00000000e1900000,0x00000000e6900000)
  from space 2560K, 89% used [0x00000000efa00000,0x00000000efc3d030,0x00000000efc80000)
  to   space 8704K, 0% used [0x00000000eeb80000,0x00000000eeb80000,0x00000000ef400000)
 ParOldGen       total 62976K, used 38478K [0x00000000a4a00000, 0x00000000a8780000, 0x00000000e1900000)
  object space 62976K, 61% used [0x00000000a4a00000,0x00000000a6f93940,0x00000000a8780000)
 Metaspace       used 16323K, capacity 16506K, committed 16768K, reserved 1064960K
  class space    used 2011K, capacity 2083K, committed 2176K, reserved 1048576K
}
Event: 40.943 GC heap before
{Heap before GC invocations=31 (full 0):
 PSYoungGen      total 84480K, used 83835K [0x00000000e1900000, 0x00000000efc80000, 0x0000000100000000)
  eden space 81920K, 99% used [0x00000000e1900000,0x00000000e68a1cb0,0x00000000e6900000)
  from space 2560K, 89% used [0x00000000efa00000,0x00000000efc3d030,0x00000000efc80000)
  to   space 8704K, 0% used [0x00000000eeb80000,0x00000000eeb80000,0x00000000ef400000)
 ParOldGen       total 62976K, used 38478K [0x00000000a4a00000, 0x00000000a8780000, 0x00000000e1900000)
  object space 62976K, 61% used [0x00000000a4a00000,0x00000000a6f93940,0x00000000a8780000)
 Metaspace       used 16327K, capacity 16570K, committed 16768K, reserved 1064960K
  class space    used 2011K, capacity 2083K, committed 2176K, reserved 1048576K
Event: 40.946 GC heap after
Heap after GC invocations=31 (full 0):
 PSYoungGen      total 83456K, used 4360K [0x00000000e1900000, 0x00000000efa80000, 0x0000000100000000)
  eden space 78848K, 0% used [0x00000000e1900000,0x00000000e1900000,0x00000000e6600000)
  from space 4608K, 94% used [0x00000000eeb80000,0x00000000eefc2050,0x00000000ef000000)
  to   space 8704K, 0% used [0x00000000ef200000,0x00000000ef200000,0x00000000efa80000)
 ParOldGen       total 62976K, used 38521K [0x00000000a4a00000, 0x00000000a8780000, 0x00000000e1900000)
  object space 62976K, 61% used [0x00000000a4a00000,0x00000000a6f9e4a0,0x00000000a8780000)
 Metaspace       used 16327K, capacity 16570K, committed 16768K, reserved 1064960K
  class space    used 2011K, capacity 2083K, committed 2176K, reserved 1048576K
}

